<?xml version="1.0" encoding="UTF-8"?>
<testng-results ignored="0" total="2" passed="2" failed="0" skipped="0">
  <reporter-output>
  </reporter-output>
  <suite started-at="2020-07-20T22:31:18Z" name="Default suite" finished-at="2020-07-20T22:31:26Z" duration-ms="8109">
    <groups>
    </groups>
    <test started-at="2020-07-20T22:31:18Z" name="Default test" finished-at="2020-07-20T22:31:26Z" duration-ms="8109">
      <class name="com.test.TestRetirement">
        <test-method is-config="true" signature="beforemethod()[pri:0, instance:com.test.TestRetirement@7e928e2f]" started-at="2020-07-20T22:31:18Z" name="beforemethod" finished-at="2020-07-20T22:31:21Z" duration-ms="3383" status="PASS">
          <reporter-output>
          </reporter-output>
        </test-method> <!-- beforemethod -->
        <test-method signature="Vemail()[pri:0, instance:com.test.TestRetirement@7e928e2f]" started-at="2020-07-20T22:31:21Z" name="Vemail" finished-at="2020-07-20T22:31:22Z" duration-ms="655" status="PASS">
          <reporter-output>
          </reporter-output>
        </test-method> <!-- Vemail -->
        <test-method is-config="true" signature="Aftermethod()[pri:0, instance:com.test.TestRetirement@7e928e2f]" started-at="2020-07-20T22:31:22Z" name="Aftermethod" finished-at="2020-07-20T22:31:22Z" duration-ms="244" status="PASS">
          <reporter-output>
          </reporter-output>
        </test-method> <!-- Aftermethod -->
        <test-method is-config="true" signature="beforemethod()[pri:0, instance:com.test.TestRetirement@7e928e2f]" started-at="2020-07-20T22:31:22Z" name="beforemethod" finished-at="2020-07-20T22:31:25Z" duration-ms="2619" status="PASS">
          <reporter-output>
          </reporter-output>
        </test-method> <!-- beforemethod -->
        <test-method signature="Vpassword()[pri:0, instance:com.test.TestRetirement@7e928e2f]" started-at="2020-07-20T22:31:25Z" name="Vpassword" finished-at="2020-07-20T22:31:26Z" duration-ms="987" status="PASS">
          <reporter-output>
          </reporter-output>
        </test-method> <!-- Vpassword -->
        <test-method is-config="true" signature="Aftermethod()[pri:0, instance:com.test.TestRetirement@7e928e2f]" started-at="2020-07-20T22:31:26Z" name="Aftermethod" finished-at="2020-07-20T22:31:26Z" duration-ms="191" status="PASS">
          <reporter-output>
          </reporter-output>
        </test-method> <!-- Aftermethod -->
      </class> <!-- com.test.TestRetirement -->
    </test> <!-- Default test -->
  </suite> <!-- Default suite -->
</testng-results>
